<?xml version="1.0" encoding="UTF-8"?>
<robot generator="Robot 3.2.1 (Python 3.8.3 on win32)" generated="20200625 17:15:13.812" rpa="false">
<suite id="s1" name="Test" source="D:\Pessoal\treinamentos apos 25 06 2020\Python\robot_framework\tests\test.robot">
<test id="s1-t1" name="Must to return the Welcome Message">
<kw name="Welcome" library="app">
<arguments>
<arg>Gan</arg>
</arguments>
<assign>
<var>${result}</var>
</assign>
<msg timestamp="20200625 17:15:13.844" level="INFO">${result} = Hello Gan, welcome to the Robot Framework Basic Trainning!</msg>
<status status="PASS" starttime="20200625 17:15:13.843" endtime="20200625 17:15:13.844"></status>
</kw>
<kw name="Log To Console" library="BuiltIn">
<doc>Logs the given message to the console.</doc>
<arguments>
<arg>${result}</arg>
</arguments>
<status status="PASS" starttime="20200625 17:15:13.844" endtime="20200625 17:15:13.844"></status>
</kw>
<kw name="Should Be Equal" library="BuiltIn">
<doc>Fails if the given objects are unequal.</doc>
<arguments>
<arg>${result}</arg>
<arg>Hello Gan, welcome to the Robot Framework Basic Trainning!</arg>
</arguments>
<status status="PASS" starttime="20200625 17:15:13.845" endtime="20200625 17:15:13.845"></status>
</kw>
<status status="PASS" starttime="20200625 17:15:13.843" endtime="20200625 17:15:13.846" critical="yes"></status>
</test>
<status status="PASS" starttime="20200625 17:15:13.813" endtime="20200625 17:15:13.847"></status>
</suite>
<statistics>
<total>
<stat pass="1" fail="0">Critical Tests</stat>
<stat pass="1" fail="0">All Tests</stat>
</total>
<tag>
</tag>
<suite>
<stat pass="1" fail="0" id="s1" name="Test">Test</stat>
</suite>
</statistics>
<errors>
</errors>
</robot>
