<?xml version="1.0" encoding="UTF-8"?>
<robot generator="Robot 3.2.1 (Python 3.8.3 on win32)" generated="20200625 17:09:32.507" rpa="false">
<suite id="s1" name="Test" source="D:\Pessoal\treinamentos apos 25 06 2020\Python\robot_framework\test.robot">
<test id="s1-t1" name="Must to return the Welcome Message">
<kw name="Welcome" library="app">
<arguments>
<arg>Gan</arg>
</arguments>
<status status="PASS" starttime="20200625 17:09:32.543" endtime="20200625 17:09:32.543"></status>
</kw>
<status status="PASS" starttime="20200625 17:09:32.542" endtime="20200625 17:09:32.544" critical="yes"></status>
</test>
<status status="PASS" starttime="20200625 17:09:32.509" endtime="20200625 17:09:32.545"></status>
</suite>
<statistics>
<total>
<stat pass="1" fail="0">Critical Tests</stat>
<stat pass="1" fail="0">All Tests</stat>
</total>
<tag>
</tag>
<suite>
<stat pass="1" fail="0" id="s1" name="Test">Test</stat>
</suite>
</statistics>
<errors>
</errors>
</robot>
